Build started 2016/11/28 8:24:46.
     1>Project "C:\Users\Wenbo\OneDrive\FInial\Sample.vcxproj" on node 2 (Build target(s)).
     1>ClCompile:
         C:\Program Files (x86)\Microsoft Visual Studio 14.0\VC\bin\CL.exe /c /ZI /nologo /W3 /WX- /sdl /Od /Oy- /D WIN32 /D _DEBUG /D _CONSOLE /D _UNICODE /D UNICODE /Gm /EHsc /RTC1 /MDd /GS /fp:precise /Zc:wchar_t /Zc:forScope /Zc:inline /Fo"Debug\\" /Fd"Debug\vc140.pdb" /Gd /TP /analyze- /errorReport:prompt Sample.cpp
         Sample.cpp
     1>c:\users\wenbo\onedrive\finial\sphere.h(60): warning C4244: 'initializing': conversion from 'double' to 'float', possible loss of data
     1>c:\users\wenbo\onedrive\finial\sphere.h(61): warning C4244: 'initializing': conversion from 'double' to 'float', possible loss of data
     1>c:\users\wenbo\onedrive\finial\sphere.h(62): warning C4244: 'initializing': conversion from 'double' to 'float', possible loss of data
     1>c:\users\wenbo\onedrive\finial\sphere.h(65): warning C4244: 'initializing': conversion from 'double' to 'float', possible loss of data
     1>c:\users\wenbo\onedrive\finial\sphere.h(66): warning C4244: 'initializing': conversion from 'double' to 'float', possible loss of data
     1>c:\users\wenbo\onedrive\finial\sphere.h(67): warning C4244: 'initializing': conversion from 'double' to 'float', possible loss of data
     1>c:\users\wenbo\onedrive\finial\sphere.h(77): warning C4244: '=': conversion from 'double' to 'float', possible loss of data
     1>c:\users\wenbo\onedrive\finial\sphere.h(78): warning C4244: '=': conversion from 'double' to 'float', possible loss of data
     1>c:\users\wenbo\onedrive\finial\sphere.h(82): warning C4244: '=': conversion from 'double' to 'float', possible loss of data
     1>c:\users\wenbo\onedrive\finial\sphere.h(83): warning C4244: '=': conversion from 'double' to 'float', possible loss of data
     1>c:\users\wenbo\onedrive\finial\sphere.h(100): warning C4305: 'argument': truncation from 'double' to 'GLfloat'
     1>c:\users\wenbo\onedrive\finial\sphere.h(120): warning C4305: 'argument': truncation from 'double' to 'GLfloat'
     1>c:\users\wenbo\onedrive\finial\sphere.h(141): warning C4305: 'argument': truncation from 'double' to 'GLfloat'
     1>c:\users\wenbo\onedrive\finial\sample.cpp(221): warning C4838: conversion from 'double' to 'const float' requires a narrowing conversion
     1>c:\users\wenbo\onedrive\finial\sample.cpp(221): warning C4305: 'initializing': truncation from 'double' to 'const float'
     1>c:\users\wenbo\onedrive\finial\sample.cpp(479): warning C4305: 'argument': truncation from 'double' to 'GLfloat'
     1>c:\users\wenbo\onedrive\finial\sample.cpp(480): warning C4305: 'argument': truncation from 'double' to 'float'
     1>c:\users\wenbo\onedrive\finial\sample.cpp(487): warning C4305: 'argument': truncation from 'double' to 'GLfloat'
     1>c:\users\wenbo\onedrive\finial\sample.cpp(492): warning C4305: 'argument': truncation from 'double' to 'GLfloat'
     1>c:\users\wenbo\onedrive\finial\sample.cpp(499): warning C4305: 'argument': truncation from 'double' to 'GLfloat'
     1>c:\users\wenbo\onedrive\finial\sample.cpp(504): warning C4305: 'argument': truncation from 'double' to 'GLfloat'
     1>c:\users\wenbo\onedrive\finial\sample.cpp(510): warning C4305: 'argument': truncation from 'double' to 'GLfloat'
     1>c:\users\wenbo\onedrive\finial\sample.cpp(515): warning C4305: 'argument': truncation from 'double' to 'GLfloat'
     1>c:\users\wenbo\onedrive\finial\sample.cpp(522): warning C4305: 'argument': truncation from 'double' to 'GLfloat'
     1>c:\users\wenbo\onedrive\finial\sample.cpp(528): warning C4305: 'argument': truncation from 'double' to 'GLfloat'
     1>c:\users\wenbo\onedrive\finial\sample.cpp(880): warning C4305: 'initializing': truncation from 'double' to 'float'
     1>c:\users\wenbo\onedrive\finial\sample.cpp(883): warning C4305: 'initializing': truncation from 'double' to 'float'
     1>c:\users\wenbo\onedrive\finial\sample.cpp(897): warning C4244: 'argument': conversion from 'double' to 'GLfloat', possible loss of data
     1>c:\users\wenbo\onedrive\finial\sample.cpp(899): warning C4244: 'argument': conversion from 'double' to 'GLfloat', possible loss of data
     1>c:\users\wenbo\onedrive\finial\sample.cpp(1334): warning C4838: conversion from 'double' to 'float' requires a narrowing conversion
     1>c:\users\wenbo\onedrive\finial\sample.cpp(1334): warning C4305: 'initializing': truncation from 'double' to 'float'
     1>c:\users\wenbo\onedrive\finial\sample.cpp(1335): warning C4838: conversion from 'double' to 'float' requires a narrowing conversion
     1>c:\users\wenbo\onedrive\finial\sample.cpp(1335): warning C4305: 'initializing': truncation from 'double' to 'float'
     1>c:\users\wenbo\onedrive\finial\sample.cpp(1336): warning C4838: conversion from 'double' to 'float' requires a narrowing conversion
     1>c:\users\wenbo\onedrive\finial\sample.cpp(1336): warning C4305: 'initializing': truncation from 'double' to 'float'
     1>c:\users\wenbo\onedrive\finial\sample.cpp(1337): warning C4838: conversion from 'double' to 'float' requires a narrowing conversion
     1>c:\users\wenbo\onedrive\finial\sample.cpp(1337): warning C4305: 'initializing': truncation from 'double' to 'float'
     1>c:\users\wenbo\onedrive\finial\sample.cpp(1338): warning C4838: conversion from 'double' to 'float' requires a narrowing conversion
     1>c:\users\wenbo\onedrive\finial\sample.cpp(1338): warning C4305: 'initializing': truncation from 'double' to 'float'
     1>c:\users\wenbo\onedrive\finial\sample.cpp(1339): warning C4838: conversion from 'double' to 'float' requires a narrowing conversion
     1>c:\users\wenbo\onedrive\finial\sample.cpp(1339): warning C4305: 'initializing': truncation from 'double' to 'float'
     1>c:\users\wenbo\onedrive\finial\sample.cpp(1340): warning C4838: conversion from 'double' to 'float' requires a narrowing conversion
     1>c:\users\wenbo\onedrive\finial\sample.cpp(1340): warning C4305: 'initializing': truncation from 'double' to 'float'
     1>c:\users\wenbo\onedrive\finial\sample.cpp(1341): warning C4838: conversion from 'double' to 'float' requires a narrowing conversion
     1>c:\users\wenbo\onedrive\finial\sample.cpp(1341): warning C4305: 'initializing': truncation from 'double' to 'float'
     1>c:\users\wenbo\onedrive\finial\sample.cpp(1343): warning C4305: 'initializing': truncation from 'double' to 'float'
     1>c:\users\wenbo\onedrive\finial\sample.cpp(1380): warning C4838: conversion from 'double' to 'float' requires a narrowing conversion
     1>c:\users\wenbo\onedrive\finial\sample.cpp(1380): warning C4305: 'initializing': truncation from 'double' to 'float'
     1>c:\users\wenbo\onedrive\finial\sample.cpp(1381): warning C4838: conversion from 'double' to 'float' requires a narrowing conversion
     1>c:\users\wenbo\onedrive\finial\sample.cpp(1381): warning C4305: 'initializing': truncation from 'double' to 'float'
     1>c:\users\wenbo\onedrive\finial\sample.cpp(1387): warning C4305: '+=': truncation from 'double' to 'float'
     1>c:\users\wenbo\onedrive\finial\sample.cpp(1390): warning C4305: '-=': truncation from 'double' to 'float'
     1>c:\users\wenbo\onedrive\finial\sample.cpp(1396): warning C4244: '=': conversion from 'double' to 'float', possible loss of data
     1>c:\users\wenbo\onedrive\finial\sample.cpp(1404): warning C4305: '+=': truncation from 'double' to 'float'
     1>c:\users\wenbo\onedrive\finial\sample.cpp(1428): warning C4305: 'initializing': truncation from 'double' to 'float'
     1>c:\users\wenbo\onedrive\finial\sample.cpp(1429): warning C4838: conversion from 'double' to 'float' requires a narrowing conversion
     1>c:\users\wenbo\onedrive\finial\sample.cpp(1429): warning C4305: 'initializing': truncation from 'double' to 'float'
     1>c:\users\wenbo\onedrive\finial\sample.cpp(1430): warning C4838: conversion from 'double' to 'float' requires a narrowing conversion
     1>c:\users\wenbo\onedrive\finial\sample.cpp(1430): warning C4305: 'initializing': truncation from 'double' to 'float'
     1>c:\users\wenbo\onedrive\finial\sample.cpp(1437): warning C4244: '=': conversion from 'double' to 'float', possible loss of data
     1>c:\users\wenbo\onedrive\finial\sample.cpp(1451): warning C4305: '=': truncation from 'double' to 'float'
     1>c:\users\wenbo\onedrive\finial\sample.cpp(1452): warning C4305: '-=': truncation from 'double' to 'float'
       Link:
         C:\Program Files (x86)\Microsoft Visual Studio 14.0\VC\bin\link.exe /ERRORREPORT:PROMPT /OUT:"C:\Users\Wenbo\OneDrive\FInial\Debug\Sample.exe" /INCREMENTAL /NOLOGO glew32.lib freeglut.lib kernel32.lib user32.lib gdi32.lib winspool.lib comdlg32.lib advapi32.lib shell32.lib ole32.lib oleaut32.lib uuid.lib odbc32.lib odbccp32.lib /MANIFEST /MANIFESTUAC:"level='asInvoker' uiAccess='false'" /manifest:embed /Debug /PDB:"C:\Users\Wenbo\OneDrive\FInial\Debug\Sample.pdb" /SUBSYSTEM:CONSOLE /TLBID:1 /DYNAMICBASE /NXCOMPAT /IMPLIB:"C:\Users\Wenbo\OneDrive\FInial\Debug\Sample.lib" /MACHINE:X86 Debug\Sample.obj
         Sample.vcxproj -> C:\Users\Wenbo\OneDrive\FInial\Debug\Sample.exe
     1>Done Building Project "C:\Users\Wenbo\OneDrive\FInial\Sample.vcxproj" (Build target(s)).

Build succeeded.

Time Elapsed 00:00:03.81
